<?xml version="1.0" encoding="UTF-8"?>
<!-- Generated by org.testng.reporters.JUnitXMLReporter -->
<testsuite hostname="Arun" ignored="0" name="Test" tests="2" failures="1" timestamp="21 Apr 2018 05:13:46 GMT" time="90.071" errors="0">
  <testcase name="loginAndLogout" time="33.617" classname="testcases.TC001_LoginAndLogout2"/>
  <testcase name="loginAndLogout" time="40.963" classname="testcases.TC001_LoginAndLogout2">
    <failure type="java.lang.RuntimeException">
      <![CDATA[java.lang.RuntimeException
	at utils.Reporter.reportStep(Reporter.java:60)
	at utils.Reporter.reportStep(Reporter.java:70)
	at wdMethods.SeMethods.click(SeMethods.java:135)
	at elead.MyHome.clickLeads(MyHome.java:23)
	at testcases.TC001_LoginAndLogout2.loginAndLogout(TC001_LoginAndLogout2.java:33)
... Removed 25 stack frames]]>
    </failure>
  </testcase> <!-- loginAndLogout -->
</testsuite> <!-- Test -->
