<?xml version="1.0" encoding="UTF-8"?>
<testng-results skipped="0" failed="1" ignored="0" total="2" passed="1">
  <reporter-output>
  </reporter-output>
  <suite name="Suite" duration-ms="90071" started-at="2018-04-21T05:12:15Z" finished-at="2018-04-21T05:13:46Z">
    <groups>
    </groups>
    <test name="Test" duration-ms="90071" started-at="2018-04-21T05:12:15Z" finished-at="2018-04-21T05:13:46Z">
      <class name="testcases.TC001_LoginAndLogout2">
        <test-method status="PASS" signature="beforeSuite()[pri:0, instance:testcases.TC001_LoginAndLogout2@1928643]" name="beforeSuite" is-config="true" duration-ms="625" started-at="2018-04-21T10:42:15Z" finished-at="2018-04-21T10:42:15Z">
          <reporter-output>
          </reporter-output>
        </test-method> <!-- beforeSuite -->
        <test-method status="PASS" signature="beforeClass()[pri:0, instance:testcases.TC001_LoginAndLogout2@1928643]" name="beforeClass" is-config="true" duration-ms="0" started-at="2018-04-21T10:42:15Z" finished-at="2018-04-21T10:42:15Z">
          <reporter-output>
          </reporter-output>
        </test-method> <!-- beforeClass -->
        <test-method status="PASS" signature="setData()[pri:0, instance:testcases.TC001_LoginAndLogout2@1928643]" name="setData" is-config="true" duration-ms="0" started-at="2018-04-21T10:42:15Z" finished-at="2018-04-21T10:42:15Z">
          <reporter-output>
          </reporter-output>
        </test-method> <!-- setData -->
        <test-method status="PASS" signature="beforeMethod()[pri:0, instance:testcases.TC001_LoginAndLogout2@1928643]" name="beforeMethod" is-config="true" duration-ms="6305" started-at="2018-04-21T10:42:16Z" finished-at="2018-04-21T10:42:22Z">
          <reporter-output>
          </reporter-output>
        </test-method> <!-- beforeMethod -->
        <test-method status="PASS" signature="loginAndLogout(java.lang.String, java.lang.String, java.lang.String, java.lang.String)[pri:0, instance:testcases.TC001_LoginAndLogout2@1928643]" name="loginAndLogout" duration-ms="33617" started-at="2018-04-21T10:42:22Z" data-provider="fetchData" finished-at="2018-04-21T10:42:56Z">
          <params>
            <param index="0">
              <value>
                <![CDATA[DemoSalesManager]]>
              </value>
            </param>
            <param index="1">
              <value>
                <![CDATA[crmsfa]]>
              </value>
            </param>
            <param index="2">
              <value>
                <![CDATA[Arun554]]>
              </value>
            </param>
            <param index="3">
              <value>
                <![CDATA[Sean114]]>
              </value>
            </param>
          </params>
          <reporter-output>
          </reporter-output>
        </test-method> <!-- loginAndLogout -->
        <test-method status="PASS" signature="afterMethod()[pri:0, instance:testcases.TC001_LoginAndLogout2@1928643]" name="afterMethod" is-config="true" duration-ms="723" started-at="2018-04-21T10:42:56Z" finished-at="2018-04-21T10:42:57Z">
          <reporter-output>
          </reporter-output>
        </test-method> <!-- afterMethod -->
        <test-method status="PASS" signature="beforeMethod()[pri:0, instance:testcases.TC001_LoginAndLogout2@1928643]" name="beforeMethod" is-config="true" duration-ms="6532" started-at="2018-04-21T10:42:57Z" finished-at="2018-04-21T10:43:03Z">
          <reporter-output>
          </reporter-output>
        </test-method> <!-- beforeMethod -->
        <test-method status="FAIL" signature="loginAndLogout(java.lang.String, java.lang.String, java.lang.String, java.lang.String)[pri:0, instance:testcases.TC001_LoginAndLogout2@1928643]" name="loginAndLogout" duration-ms="40963" started-at="2018-04-21T10:43:03Z" data-provider="fetchData" finished-at="2018-04-21T10:43:44Z">
          <params>
            <param index="0">
              <value>
                <![CDATA[DemoCSR]]>
              </value>
            </param>
            <param index="1">
              <value>
                <![CDATA[crmsfa]]>
              </value>
            </param>
            <param index="2">
              <value>
                <![CDATA[David444]]>
              </value>
            </param>
            <param index="3">
              <value>
                <![CDATA[David4446]]>
              </value>
            </param>
          </params>
          <exception class="java.lang.RuntimeException">
            <full-stacktrace>
              <![CDATA[java.lang.RuntimeException
	at utils.Reporter.reportStep(Reporter.java:60)
	at utils.Reporter.reportStep(Reporter.java:70)
	at wdMethods.SeMethods.click(SeMethods.java:135)
	at elead.MyHome.clickLeads(MyHome.java:23)
	at testcases.TC001_LoginAndLogout2.loginAndLogout(TC001_LoginAndLogout2.java:33)
	at sun.reflect.NativeMethodAccessorImpl.invoke0(Native Method)
	at sun.reflect.NativeMethodAccessorImpl.invoke(Unknown Source)
	at sun.reflect.DelegatingMethodAccessorImpl.invoke(Unknown Source)
	at java.lang.reflect.Method.invoke(Unknown Source)
	at org.testng.internal.MethodInvocationHelper.invokeMethod(MethodInvocationHelper.java:104)
	at org.testng.internal.Invoker.invokeMethod(Invoker.java:645)
	at org.testng.internal.Invoker.invokeTestMethod(Invoker.java:851)
	at org.testng.internal.Invoker.invokeTestMethods(Invoker.java:1177)
	at org.testng.internal.TestMethodWorker.invokeTestMethods(TestMethodWorker.java:129)
	at org.testng.internal.TestMethodWorker.run(TestMethodWorker.java:112)
	at org.testng.TestRunner.privateRun(TestRunner.java:756)
	at org.testng.TestRunner.run(TestRunner.java:610)
	at org.testng.SuiteRunner.runTest(SuiteRunner.java:387)
	at org.testng.SuiteRunner.runSequentially(SuiteRunner.java:382)
	at org.testng.SuiteRunner.privateRun(SuiteRunner.java:340)
	at org.testng.SuiteRunner.run(SuiteRunner.java:289)
	at org.testng.SuiteRunnerWorker.runSuite(SuiteRunnerWorker.java:52)
	at org.testng.SuiteRunnerWorker.run(SuiteRunnerWorker.java:86)
	at org.testng.TestNG.runSuitesSequentially(TestNG.java:1293)
	at org.testng.TestNG.runSuitesLocally(TestNG.java:1218)
	at org.testng.TestNG.runSuites(TestNG.java:1133)
	at org.testng.TestNG.run(TestNG.java:1104)
	at org.testng.remote.AbstractRemoteTestNG.run(AbstractRemoteTestNG.java:114)
	at org.testng.remote.RemoteTestNG.initAndRun(RemoteTestNG.java:251)
	at org.testng.remote.RemoteTestNG.main(RemoteTestNG.java:77)
]]>
            </full-stacktrace>
          </exception> <!-- java.lang.RuntimeException -->
          <reporter-output>
          </reporter-output>
        </test-method> <!-- loginAndLogout -->
        <test-method status="PASS" signature="afterMethod()[pri:0, instance:testcases.TC001_LoginAndLogout2@1928643]" name="afterMethod" is-config="true" duration-ms="1328" started-at="2018-04-21T10:43:44Z" finished-at="2018-04-21T10:43:46Z">
          <reporter-output>
          </reporter-output>
        </test-method> <!-- afterMethod -->
        <test-method status="PASS" signature="afterTest()[pri:0, instance:testcases.TC001_LoginAndLogout2@1928643]" name="afterTest" is-config="true" duration-ms="0" started-at="2018-04-21T10:43:46Z" finished-at="2018-04-21T10:43:46Z">
          <reporter-output>
          </reporter-output>
        </test-method> <!-- afterTest -->
        <test-method status="PASS" signature="afterSuite()[pri:0, instance:testcases.TC001_LoginAndLogout2@1928643]" name="afterSuite" is-config="true" duration-ms="406" started-at="2018-04-21T10:43:46Z" finished-at="2018-04-21T10:43:46Z">
          <reporter-output>
          </reporter-output>
        </test-method> <!-- afterSuite -->
      </class> <!-- testcases.TC001_LoginAndLogout2 -->
    </test> <!-- Test -->
  </suite> <!-- Suite -->
</testng-results>
